<?xml version="1.0" encoding="UTF-8"?>
<testng-results skipped="0" failed="0" ignored="0" total="1" passed="1">
  <reporter-output>
  </reporter-output>
  <suite name="Default suite" duration-ms="61301" started-at="2020-03-21T11:28:16 IST" finished-at="2020-03-21T11:29:18 IST">
    <groups>
    </groups>
    <test name="Default test" duration-ms="61301" started-at="2020-03-21T11:28:16 IST" finished-at="2020-03-21T11:29:18 IST">
      <class name="pageFactoryWithoutAnnotations.LoginWithoutFindBy">
        <test-method status="PASS" signature="login()[pri:0, instance:pageFactoryWithoutAnnotations.LoginWithoutFindBy@1536d79]" name="login" duration-ms="60752" started-at="2020-03-21T11:28:17 IST" finished-at="2020-03-21T11:29:18 IST">
          <reporter-output>
          </reporter-output>
        </test-method> <!-- login -->
      </class> <!-- pageFactoryWithoutAnnotations.LoginWithoutFindBy -->
    </test> <!-- Default test -->
  </suite> <!-- Default suite -->
</testng-results>
